<?xml version="1.0" encoding="UTF-8"?>
<coverage generated="1584172897">
  <project timestamp="1584172897">
    <package name="KodeKeep\MetaAttributes\Concerns">
      <file name="/Users/brian/Code/kodekeep/laravel-meta-attributes/src/Concerns/HasMetaAttributes.php">
        <class name="HasMetaAttributes" namespace="KodeKeep\MetaAttributes\Concerns">
          <metrics complexity="3" methods="2" coveredmethods="2" conditionals="0" coveredconditionals="0" statements="2" coveredstatements="2" elements="4" coveredelements="4"/>
        </class>
        <line num="22" type="method" name="metaAttributes" visibility="public" complexity="1" crap="1" count="4"/>
        <line num="24" type="stmt" count="4"/>
        <line num="27" type="method" name="meta" visibility="public" complexity="2" crap="2" count="3"/>
        <line num="29" type="stmt" count="3"/>
        <metrics loc="31" ncloc="23" classes="1" methods="2" coveredmethods="2" conditionals="0" coveredconditionals="0" statements="2" coveredstatements="2" elements="4" coveredelements="4"/>
      </file>
    </package>
    <package name="KodeKeep\MetaAttributes">
      <file name="/Users/brian/Code/kodekeep/laravel-meta-attributes/src/MetaAttributeRepository.php">
        <class name="KodeKeep\MetaAttributes\MetaAttributeRepository" namespace="KodeKeep\MetaAttributes">
          <metrics complexity="8" methods="6" coveredmethods="0" conditionals="0" coveredconditionals="0" statements="25" coveredstatements="0" elements="31" coveredelements="0"/>
        </class>
        <line num="25" type="method" name="__construct" visibility="public" complexity="2" crap="6" count="0"/>
        <line num="27" type="stmt" count="0"/>
        <line num="28" type="stmt" count="0"/>
        <line num="29" type="stmt" count="0"/>
        <line num="31" type="method" name="all" visibility="public" complexity="1" crap="2" count="0"/>
        <line num="33" type="stmt" count="0"/>
        <line num="36" type="method" name="get" visibility="public" complexity="2" crap="6" count="0"/>
        <line num="38" type="stmt" count="0"/>
        <line num="39" type="stmt" count="0"/>
        <line num="40" type="stmt" count="0"/>
        <line num="41" type="stmt" count="0"/>
        <line num="42" type="stmt" count="0"/>
        <line num="45" type="stmt" count="0"/>
        <line num="48" type="method" name="set" visibility="public" complexity="1" crap="2" count="0"/>
        <line num="50" type="stmt" count="0"/>
        <line num="51" type="stmt" count="0"/>
        <line num="52" type="stmt" count="0"/>
        <line num="54" type="stmt" count="0"/>
        <line num="55" type="stmt" count="0"/>
        <line num="56" type="stmt" count="0"/>
        <line num="58" type="stmt" count="0"/>
        <line num="60" type="method" name="has" visibility="public" complexity="1" crap="2" count="0"/>
        <line num="62" type="stmt" count="0"/>
        <line num="63" type="stmt" count="0"/>
        <line num="64" type="stmt" count="0"/>
        <line num="65" type="stmt" count="0"/>
        <line num="68" type="method" name="forget" visibility="public" complexity="1" crap="2" count="0"/>
        <line num="70" type="stmt" count="0"/>
        <line num="71" type="stmt" count="0"/>
        <line num="72" type="stmt" count="0"/>
        <line num="73" type="stmt" count="0"/>
        <metrics loc="75" ncloc="67" classes="1" methods="6" coveredmethods="0" conditionals="0" coveredconditionals="0" statements="25" coveredstatements="0" elements="31" coveredelements="0"/>
      </file>
    </package>
    <package name="KodeKeep\MetaAttributes\Models">
      <file name="/Users/brian/Code/kodekeep/laravel-meta-attributes/src/Models/MetaAttribute.php">
        <class name="KodeKeep\MetaAttributes\Models\MetaAttribute" namespace="KodeKeep\MetaAttributes\Models">
          <metrics complexity="1" methods="1" coveredmethods="1" conditionals="0" coveredconditionals="0" statements="1" coveredstatements="1" elements="2" coveredelements="2"/>
        </class>
        <line num="22" type="method" name="metable" visibility="public" complexity="1" crap="1" count="1"/>
        <line num="24" type="stmt" count="1"/>
        <metrics loc="26" ncloc="18" classes="1" methods="1" coveredmethods="1" conditionals="0" coveredconditionals="0" statements="1" coveredstatements="1" elements="2" coveredelements="2"/>
      </file>
    </package>
    <metrics files="3" loc="132" ncloc="108" classes="3" methods="9" coveredmethods="3" conditionals="0" coveredconditionals="0" statements="28" coveredstatements="3" elements="37" coveredelements="6"/>
  </project>
</coverage>
